#
# A fatal error has been detected by the Java Runtime Environment:
#
#  Internal Error (safepoint.cpp:687), pid=5176, tid=12692
#  fatal error: Deadlock in safepoint code.  Should have called back to the VM before blocking.
#
# JRE version: Java(TM) SE Runtime Environment (8.0_51-b16) (build 1.8.0_51-b16)
# Java VM: Java HotSpot(TM) 64-Bit Server VM (25.51-b03 mixed mode windows-amd64 compressed oops)
# Failed to write core dump. Minidumps are not enabled by default on client versions of Windows
#
# If you would like to submit a bug report, please visit:
#   http://bugreport.java.com/bugreport/crash.jsp
#

---------------  T H R E A D  ---------------

Current thread (0x0000000019046800):  JavaThread "AWT-EventQueue-0" [_thread_in_native_trans, id=12692, stack(0x000000001a3c0000,0x000000001a4c0000)]

Stack: [0x000000001a3c0000,0x000000001a4c0000]
Native frames: (J=compiled Java code, j=interpreted, Vv=VM code, C=native code)
V  [jvm.dll+0x32b4ca]
V  [jvm.dll+0x2797e3]
V  [jvm.dll+0x27a479]
V  [jvm.dll+0x2716e6]
V  [jvm.dll+0x225d39]
V  [jvm.dll+0x23e0ac]
V  [jvm.dll+0x13a875]
C  [opencv_java2411.dll+0x3c16a]
C  [opencv_java2411.dll+0x5a9bb8]
C  [opencv_java2411.dll+0x518340]
C  [opencv_java2411.dll+0x501cbb]
C  [ntdll.dll+0xa8d53]
C  [opencv_java2411.dll+0x2f31c]
C  0x0000000002425e34

Java frames: (J=compiled Java code, j=interpreted, Vv=VM code)
j  org.opencv.highgui.Highgui.imread_1(Ljava/lang/String;)J+0
j  org.opencv.highgui.Highgui.imread(Ljava/lang/String;)Lorg/opencv/core/Mat;+5
j  uavstuff.uavWindowed.Analysis()V+53
j  uavstuff.uavWindowed$8.actionPerformed(Ljava/awt/event/ActionEvent;)V+42
j  javax.swing.JTextField.fireActionPerformed()V+113
j  javax.swing.JTextField.postActionEvent()V+1
j  javax.swing.JTextField$NotifyAction.actionPerformed(Ljava/awt/event/ActionEvent;)V+18
j  javax.swing.SwingUtilities.notifyAction(Ljavax/swing/Action;Ljavax/swing/KeyStroke;Ljava/awt/event/KeyEvent;Ljava/lang/Object;I)Z+132
J 579 C1 javax.swing.JComponent.processKeyBinding(Ljavax/swing/KeyStroke;Ljava/awt/event/KeyEvent;IZ)Z (78 bytes) @ 0x0000000002653224 [0x0000000002652a20+0x804]
j  javax.swing.JComponent.processKeyBindings(Ljava/awt/event/KeyEvent;Z)Z+111
j  javax.swing.JComponent.processKeyEvent(Ljava/awt/event/KeyEvent;)V+51
j  java.awt.Component.processEvent(Ljava/awt/AWTEvent;)V+121
j  java.awt.Container.processEvent(Ljava/awt/AWTEvent;)V+18
J 750 C1 java.awt.Component.dispatchEventImpl(Ljava/awt/AWTEvent;)V (883 bytes) @ 0x00000000026cd71c [0x00000000026c8240+0x54dc]
J 577 C1 java.awt.Container.dispatchEventImpl(Ljava/awt/AWTEvent;)V (129 bytes) @ 0x0000000002651584 [0x0000000002651440+0x144]
J 746 C1 java.awt.Component.dispatchEvent(Ljava/awt/AWTEvent;)V (6 bytes) @ 0x00000000026c6744 [0x00000000026c6640+0x104]
j  java.awt.KeyboardFocusManager.redispatchEvent(Ljava/awt/Component;Ljava/awt/AWTEvent;)V+7
j  java.awt.DefaultKeyboardFocusManager.dispatchKeyEvent(Ljava/awt/event/KeyEvent;)Z+63
j  java.awt.DefaultKeyboardFocusManager.preDispatchKeyEvent(Ljava/awt/event/KeyEvent;)Z+137
j  java.awt.DefaultKeyboardFocusManager.typeAheadAssertions(Ljava/awt/Component;Ljava/awt/AWTEvent;)Z+166
J 730 C1 java.awt.DefaultKeyboardFocusManager.dispatchEvent(Ljava/awt/AWTEvent;)Z (1589 bytes) @ 0x00000000026b311c [0x00000000026a2640+0x10adc]
J 750 C1 java.awt.Component.dispatchEventImpl(Ljava/awt/AWTEvent;)V (883 bytes) @ 0x00000000026c99fc [0x00000000026c8240+0x17bc]
J 577 C1 java.awt.Container.dispatchEventImpl(Ljava/awt/AWTEvent;)V (129 bytes) @ 0x0000000002651584 [0x0000000002651440+0x144]
j  java.awt.Window.dispatchEventImpl(Ljava/awt/AWTEvent;)V+19
J 569 C1 java.awt.EventQueue.dispatchEventImpl(Ljava/awt/AWTEvent;Ljava/lang/Object;)V (149 bytes) @ 0x0000000002649a7c [0x0000000002648240+0x183c]
J 737 C1 java.awt.EventQueue$3.run()Ljava/lang/Void; (60 bytes) @ 0x00000000026c260c [0x00000000026c2400+0x20c]
J 508 C1 java.awt.EventQueue$3.run()Ljava/lang/Object; (5 bytes) @ 0x000000000262c5cc [0x000000000262c540+0x8c]
v  ~StubRoutines::call_stub
J 452  java.security.AccessController.doPrivileged(Ljava/security/PrivilegedAction;Ljava/security/AccessControlContext;)Ljava/lang/Object; (0 bytes) @ 0x0000000002611766 [0x0000000002611700+0x66]
J 453 C1 java.security.ProtectionDomain$1.doIntersectionPrivilege(Ljava/security/PrivilegedAction;Ljava/security/AccessControlContext;Ljava/security/AccessControlContext;)Ljava/lang/Object; (32 bytes) @ 0x0000000002611dfc [0x0000000002611b00+0x2fc]
J 748 C1 java.awt.EventQueue$4.run()Ljava/lang/Object; (5 bytes) @ 0x00000000026c734c [0x00000000026c6f60+0x3ec]
v  ~StubRoutines::call_stub
J 452  java.security.AccessController.doPrivileged(Ljava/security/PrivilegedAction;Ljava/security/AccessControlContext;)Ljava/lang/Object; (0 bytes) @ 0x0000000002611766 [0x0000000002611700+0x66]
J 506 C1 java.awt.EventQueue.dispatchEvent(Ljava/awt/AWTEvent;)V (80 bytes) @ 0x000000000262b334 [0x000000000262a680+0xcb4]
J 574 C1 java.awt.EventDispatchThread.pumpOneEventForFilters(I)V (295 bytes) @ 0x000000000264c9e4 [0x000000000264ae80+0x1b64]
j  java.awt.EventDispatchThread.pumpEventsForFilter(ILjava/awt/Conditional;Ljava/awt/EventFilter;)V+35
j  java.awt.EventDispatchThread.pumpEventsForHierarchy(ILjava/awt/Conditional;Ljava/awt/Component;)V+11
j  java.awt.EventDispatchThread.pumpEvents(ILjava/awt/Conditional;)V+4
j  java.awt.EventDispatchThread.pumpEvents(Ljava/awt/Conditional;)V+3
j  java.awt.EventDispatchThread.run()V+9
v  ~StubRoutines::call_stub

---------------  P R O C E S S  ---------------

Java Threads: ( => current thread )
  0x00000000190d6800 JavaThread "TimerQueue" daemon [_thread_blocked, id=12952, stack(0x000000001b000000,0x000000001b100000)]
  0x0000000002310800 JavaThread "DestroyJavaVM" [_thread_blocked, id=10808, stack(0x0000000002110000,0x0000000002210000)]
=>0x0000000019046800 JavaThread "AWT-EventQueue-0" [_thread_in_native_trans, id=12692, stack(0x000000001a3c0000,0x000000001a4c0000)]
  0x0000000018bf9000 JavaThread "AWT-Windows" daemon [_thread_in_native, id=13080, stack(0x00000000199d0000,0x0000000019ad0000)]
  0x0000000018bf5000 JavaThread "AWT-Shutdown" [_thread_blocked, id=80, stack(0x00000000198d0000,0x00000000199d0000)]
  0x0000000018bf2000 JavaThread "Java2D Disposer" daemon [_thread_blocked, id=11976, stack(0x00000000197d0000,0x00000000198d0000)]
  0x0000000018825800 JavaThread "Service Thread" daemon [_thread_blocked, id=12252, stack(0x0000000018c00000,0x0000000018d00000)]
  0x0000000016fa3000 JavaThread "C1 CompilerThread2" daemon [_thread_blocked, id=2828, stack(0x0000000018700000,0x0000000018800000)]
  0x0000000016fa0000 JavaThread "C2 CompilerThread1" daemon [_thread_blocked, id=5964, stack(0x0000000018600000,0x0000000018700000)]
  0x0000000016f9a000 JavaThread "C2 CompilerThread0" daemon [_thread_blocked, id=12804, stack(0x0000000018500000,0x0000000018600000)]
  0x0000000016f99000 JavaThread "Attach Listener" daemon [_thread_blocked, id=12788, stack(0x0000000018400000,0x0000000018500000)]
  0x0000000016f98800 JavaThread "Signal Dispatcher" daemon [_thread_blocked, id=5888, stack(0x0000000018300000,0x0000000018400000)]
  0x0000000002407000 JavaThread "Finalizer" daemon [_thread_blocked, id=4272, stack(0x0000000018200000,0x0000000018300000)]
  0x00000000023fe000 JavaThread "Reference Handler" daemon [_thread_blocked, id=5548, stack(0x0000000018100000,0x0000000018200000)]

Other Threads:
  0x0000000016f68000 VMThread [stack: 0x0000000018000000,0x0000000018100000] [id=12668]
  0x000000001882a000 WatcherThread [stack: 0x0000000018d00000,0x0000000018e00000] [id=12844]

VM state:synchronizing (normal execution)

VM Mutex/Monitor currently owned by a thread:  ([mutex/lock_event])
[0x00000000022dc230] Threads_lock - owner thread: 0x0000000016f68000

Heap:
 PSYoungGen      total 38400K, used 13392K [0x00000000d5b00000, 0x00000000d8580000, 0x0000000100000000)
  eden space 33280K, 40% used [0x00000000d5b00000,0x00000000d6814278,0x00000000d7b80000)
  from space 5120K, 0% used [0x00000000d8080000,0x00000000d8080000,0x00000000d8580000)
  to   space 5120K, 0% used [0x00000000d7b80000,0x00000000d7b80000,0x00000000d8080000)
 ParOldGen       total 87552K, used 0K [0x0000000081000000, 0x0000000086580000, 0x00000000d5b00000)
  object space 87552K, 0% used [0x0000000081000000,0x0000000081000000,0x0000000086580000)
 Metaspace       used 11154K, capacity 11310K, committed 11520K, reserved 1058816K
  class space    used 1385K, capacity 1445K, committed 1536K, reserved 1048576K

Card table byte_map: [0x00000000117d0000,0x0000000011bd0000] byte_map_base: 0x00000000113c8000

Marking Bits: (ParMarkBitMap*) 0x0000000073cf4040
 Begin Bits: [0x0000000012280000, 0x0000000014240000)
 End Bits:   [0x0000000014240000, 0x0000000016200000)

Polling page: 0x00000000001f0000

CodeCache: size=245760Kb used=2980Kb max_used=2990Kb free=242779Kb
 bounds [0x0000000002410000, 0x0000000002700000, 0x0000000011410000]
 total_blobs=1360 nmethods=784 adapters=489
 compilation: enabled

Compilation events (10 events):
Event: 18.432 Thread 0x0000000016fa3000  780       3       java.util.WeakHashMap::indexFor (6 bytes)
Event: 18.432 Thread 0x0000000016fa3000 nmethod 780 0x00000000026f5910 code [0x00000000026f5a60, 0x00000000026f5b90]
Event: 19.020 Thread 0x0000000016f9a000  781       4       java.lang.String::startsWith (72 bytes)
Event: 19.021 Thread 0x0000000016fa3000  782       3       sun.misc.MetaIndex::mayContain (51 bytes)
Event: 19.021 Thread 0x0000000016fa3000 nmethod 782 0x00000000026f5c10 code [0x00000000026f5dc0, 0x00000000026f6438]
Event: 19.021 Thread 0x0000000016fa3000  783   !   3       sun.misc.URLClassPath$JarLoader::getResource (85 bytes)
Event: 19.022 Thread 0x0000000016fa3000 nmethod 783 0x00000000026fa1d0 code [0x00000000026fa440, 0x00000000026fb238]
Event: 19.022 Thread 0x0000000016fa3000  784       3       java.util.WeakHashMap::getTable (9 bytes)
Event: 19.022 Thread 0x0000000016f9a000 nmethod 781 0x00000000026fbbd0 code [0x00000000026fbd20, 0x00000000026fbe38]
Event: 19.022 Thread 0x0000000016fa3000 nmethod 784 0x00000000026f7a10 code [0x00000000026f7b80, 0x00000000026f7d28]

GC Heap History (0 events):
No events

Deoptimization events (4 events):
Event: 1.627 Thread 0x0000000019046800 Uncommon trap: reason=class_check action=maybe_recompile pc=0x000000000259409c method=java.lang.String.equals(Ljava/lang/Object;)Z @ 8
Event: 1.627 Thread 0x0000000019046800 Uncommon trap: reason=class_check action=maybe_recompile pc=0x000000000259409c method=java.lang.String.equals(Ljava/lang/Object;)Z @ 8
Event: 1.627 Thread 0x0000000019046800 Uncommon trap: reason=class_check action=maybe_recompile pc=0x000000000259409c method=java.lang.String.equals(Ljava/lang/Object;)Z @ 8
Event: 7.795 Thread 0x0000000019046800 Uncommon trap: reason=class_check action=maybe_recompile pc=0x000000000259409c method=java.lang.String.equals(Ljava/lang/Object;)Z @ 8

Internal exceptions (10 events):
Event: 0.103 Thread 0x0000000002310800 Exception <a 'java/security/PrivilegedActionException'> (0x00000000d5d02b18) thrown at [C:\re\workspace\8-2-build-windows-amd64-cygwin\jdk8u51\3951\hotspot\src\share\vm\prims\jvm.cpp, line 1382]
Event: 0.103 Thread 0x0000000002310800 Exception <a 'java/security/PrivilegedActionException'> (0x00000000d5d02cd0) thrown at [C:\re\workspace\8-2-build-windows-amd64-cygwin\jdk8u51\3951\hotspot\src\share\vm\prims\jvm.cpp, line 1382]
Event: 0.104 Thread 0x0000000002310800 Exception <a 'java/security/PrivilegedActionException'> (0x00000000d5d06a68) thrown at [C:\re\workspace\8-2-build-windows-amd64-cygwin\jdk8u51\3951\hotspot\src\share\vm\prims\jvm.cpp, line 1382]
Event: 0.104 Thread 0x0000000002310800 Exception <a 'java/security/PrivilegedActionException'> (0x00000000d5d06c20) thrown at [C:\re\workspace\8-2-build-windows-amd64-cygwin\jdk8u51\3951\hotspot\src\share\vm\prims\jvm.cpp, line 1382]
Event: 0.108 Thread 0x0000000002310800 Exception <a 'java/io/FileNotFoundException'> (0x00000000d5d08fd0) thrown at [C:\re\workspace\8-2-build-windows-amd64-cygwin\jdk8u51\3951\hotspot\src\share\vm\prims\jni.cpp, line 709]
Event: 0.130 Thread 0x0000000002310800 Exception <a 'java/io/FileNotFoundException'> (0x00000000d5d28de8) thrown at [C:\re\workspace\8-2-build-windows-amd64-cygwin\jdk8u51\3951\hotspot\src\share\vm\prims\jni.cpp, line 709]
Event: 0.182 Thread 0x0000000002310800 Exception <a 'java/lang/NoSuchFieldError': method resolution failed> (0x00000000d5dfd888) thrown at [C:\re\workspace\8-2-build-windows-amd64-cygwin\jdk8u51\3951\hotspot\src\share\vm\prims\methodHandles.cpp, line 1125]
Event: 0.184 Thread 0x0000000002310800 Exception <a 'java/lang/NoSuchFieldError': method resolution failed> (0x00000000d5e0c2c8) thrown at [C:\re\workspace\8-2-build-windows-amd64-cygwin\jdk8u51\3951\hotspot\src\share\vm\prims\methodHandles.cpp, line 1125]
Event: 0.281 Thread 0x0000000018ff3800 Exception <a 'java/io/FileNotFoundException'> (0x00000000d6038260) thrown at [C:\re\workspace\8-2-build-windows-amd64-cygwin\jdk8u51\3951\hotspot\src\share\vm\prims\jni.cpp, line 709]
Event: 0.281 Thread 0x0000000018ff3800 Exception <a 'java/io/FileNotFoundException'> (0x00000000d6038898) thrown at [C:\re\workspace\8-2-build-windows-amd64-cygwin\jdk8u51\3951\hotspot\src\share\vm\prims\jni.cpp, line 709]

Events (10 events):
Event: 18.428 loading class org/opencv/core/MatOfDouble
Event: 18.428 loading class org/opencv/core/MatOfDouble done
Event: 18.429 loading class org/opencv/core/MatOfInt
Event: 18.429 loading class org/opencv/core/MatOfInt done
Event: 18.431 loading class java/lang/ClassLoaderHelper
Event: 18.431 loading class java/lang/ClassLoaderHelper done
Event: 19.020 loading class org/opencv/highgui/Highgui
Event: 19.020 loading class org/opencv/highgui/Highgui done
Event: 19.021 loading class org/opencv/core/MatOfByte
Event: 19.021 loading class org/opencv/core/MatOfByte done


Dynamic libraries:
0x00007ff6cd040000 - 0x00007ff6cd077000 	C:\Program Files\Java\jdk1.8.0_51\bin\java.exe
0x00007ffe47e50000 - 0x00007ffe48011000 	C:\WINDOWS\SYSTEM32\ntdll.dll
0x00007ffe47490000 - 0x00007ffe4753d000 	C:\WINDOWS\system32\KERNEL32.DLL
0x00007ffe44700000 - 0x00007ffe448e8000 	C:\WINDOWS\system32\KERNELBASE.dll
0x00007ffe45730000 - 0x00007ffe457d7000 	C:\WINDOWS\system32\ADVAPI32.dll
0x00007ffe454d0000 - 0x00007ffe4556d000 	C:\WINDOWS\system32\msvcrt.dll
0x00007ffe456c0000 - 0x00007ffe4571b000 	C:\WINDOWS\system32\sechost.dll
0x00007ffe47600000 - 0x00007ffe4771c000 	C:\WINDOWS\system32\RPCRT4.dll
0x00007ffe47210000 - 0x00007ffe47366000 	C:\WINDOWS\system32\USER32.dll
0x00007ffe45890000 - 0x00007ffe45a16000 	C:\WINDOWS\system32\GDI32.dll
0x00007ffe34f90000 - 0x00007ffe35204000 	C:\WINDOWS\WinSxS\amd64_microsoft.windows.common-controls_6595b64144ccf1df_6.0.10586.0_none_8c15ae12515e1c22\COMCTL32.dll
0x00007ffe45250000 - 0x00007ffe454cd000 	C:\WINDOWS\system32\combase.dll
0x00007ffe44690000 - 0x00007ffe446fa000 	C:\WINDOWS\system32\bcryptPrimitives.dll
0x00007ffe457e0000 - 0x00007ffe4581b000 	C:\WINDOWS\system32\IMM32.DLL
0x0000000073410000 - 0x00000000734e2000 	C:\Program Files\Java\jdk1.8.0_51\jre\bin\msvcr100.dll
0x00000000734f0000 - 0x0000000073d73000 	C:\Program Files\Java\jdk1.8.0_51\jre\bin\server\jvm.dll
0x00007ffe47860000 - 0x00007ffe47868000 	C:\WINDOWS\system32\PSAPI.DLL
0x00007ffe42760000 - 0x00007ffe42783000 	C:\WINDOWS\SYSTEM32\WINMM.dll
0x00007ffe35620000 - 0x00007ffe3562a000 	C:\WINDOWS\SYSTEM32\VERSION.dll
0x00007ffe40610000 - 0x00007ffe40619000 	C:\WINDOWS\SYSTEM32\WSOCK32.dll
0x00007ffe47720000 - 0x00007ffe4778b000 	C:\WINDOWS\system32\WS2_32.dll
0x00000000008e0000 - 0x000000000090c000 	C:\WINDOWS\SYSTEM32\WINMMBASE.dll
0x00007ffe44640000 - 0x00007ffe44683000 	C:\WINDOWS\system32\cfgmgr32.dll
0x00000000733c0000 - 0x00000000733cf000 	C:\Program Files\Java\jdk1.8.0_51\jre\bin\verify.dll
0x0000000073390000 - 0x00000000733b9000 	C:\Program Files\Java\jdk1.8.0_51\jre\bin\java.dll
0x0000000073370000 - 0x0000000073386000 	C:\Program Files\Java\jdk1.8.0_51\jre\bin\zip.dll
0x00007ffe45b50000 - 0x00007ffe470af000 	C:\WINDOWS\system32\SHELL32.dll
0x00007ffe44c00000 - 0x00007ffe45244000 	C:\WINDOWS\system32\windows.storage.dll
0x00007ffe47370000 - 0x00007ffe473c2000 	C:\WINDOWS\system32\shlwapi.dll
0x00007ffe444d0000 - 0x00007ffe444df000 	C:\WINDOWS\system32\kernel.appcore.dll
0x00007ffe44560000 - 0x00007ffe44615000 	C:\WINDOWS\system32\shcore.dll
0x00007ffe44480000 - 0x00007ffe444cb000 	C:\WINDOWS\system32\powrprof.dll
0x00007ffe444e0000 - 0x00007ffe444f4000 	C:\WINDOWS\system32\profapi.dll
0x0000000073190000 - 0x0000000073328000 	C:\Program Files\Java\jdk1.8.0_51\jre\bin\awt.dll
0x00007ffe47790000 - 0x00007ffe47851000 	C:\WINDOWS\system32\OLEAUT32.dll
0x00007ffe42c40000 - 0x00007ffe42cb9000 	C:\WINDOWS\system32\apphelp.dll
0x00007ffe41630000 - 0x00007ffe41652000 	C:\WINDOWS\system32\DWMAPI.DLL
0x00007ffe42ea0000 - 0x00007ffe42f36000 	C:\WINDOWS\system32\uxtheme.dll
0x00007ffe470b0000 - 0x00007ffe4720a000 	C:\WINDOWS\system32\MSCTF.dll
0x00007ffe39200000 - 0x00007ffe392a3000 	C:\Program Files\Common Files\microsoft shared\ink\tiptsf.dll
0x00007ffe45570000 - 0x00007ffe456b3000 	C:\WINDOWS\system32\ole32.dll
0x0000000073140000 - 0x0000000073187000 	C:\Program Files\Java\jdk1.8.0_51\jre\bin\fontmanager.dll
0x0000000073350000 - 0x000000007336a000 	C:\Program Files\Java\jdk1.8.0_51\jre\bin\net.dll
0x00007ffe43da0000 - 0x00007ffe43dfc000 	C:\WINDOWS\system32\mswsock.dll
0x0000000073330000 - 0x0000000073341000 	C:\Program Files\Java\jdk1.8.0_51\jre\bin\nio.dll
0x00000000730f0000 - 0x0000000073132000 	C:\Program Files\Java\jdk1.8.0_51\jre\bin\t2k.dll
0x00007ffe47540000 - 0x00007ffe475e7000 	C:\WINDOWS\system32\clbcatq.dll
0x00007ffe3d6d0000 - 0x00007ffe3d82c000 	C:\Windows\System32\uiautomationcore.dll
0x00007ffe43c30000 - 0x00007ffe43c4f000 	C:\Windows\System32\USERENV.dll
0x00007ffe44330000 - 0x00007ffe443c9000 	C:\WINDOWS\SYSTEM32\sxs.dll
0x00007ffe38ae0000 - 0x00007ffe38b4a000 	C:\Windows\System32\OLEACC.dll
0x00007ffe39740000 - 0x00007ffe397f1000 	C:\WINDOWS\SYSTEM32\twinapi.dll
0x00007ffe42f90000 - 0x00007ffe43090000 	C:\WINDOWS\SYSTEM32\twinapi.appcore.dll
0x00007ffe44070000 - 0x00007ffe44099000 	C:\WINDOWS\SYSTEM32\bcrypt.dll
0x00007ffe3f910000 - 0x00007ffe3fac1000 	C:\WINDOWS\SYSTEM32\WindowsCodecs.dll
0x00007ffe36970000 - 0x00007ffe369ba000 	C:\WINDOWS\system32\dataexchange.dll
0x00007ffe423c0000 - 0x00007ffe424a3000 	C:\WINDOWS\system32\dcomp.dll
0x00007ffe40eb0000 - 0x00007ffe41158000 	C:\WINDOWS\system32\d3d11.dll
0x00007ffe40ac0000 - 0x00007ffe40b62000 	C:\WINDOWS\system32\dxgi.dll
0x00007ffe11100000 - 0x00007ffe11ad3000 	C:\opencv\build\java\x64\opencv_java2411.dll
0x00007ffe35f10000 - 0x00007ffe35f30000 	C:\WINDOWS\SYSTEM32\AVIFIL32.dll
0x00007ffe39130000 - 0x00007ffe39148000 	C:\WINDOWS\SYSTEM32\AVICAP32.dll
0x00007ffe369d0000 - 0x00007ffe369f9000 	C:\WINDOWS\SYSTEM32\MSVFW32.dll
0x00007ffe3d250000 - 0x00007ffe3d26c000 	C:\WINDOWS\SYSTEM32\MSACM32.dll
0x00007ffe25110000 - 0x00007ffe2529c000 	C:\WINDOWS\SYSTEM32\dbghelp.dll

VM Arguments:
jvm_args: -Dfile.encoding=UTF-8 -Djava.library.path=C:\opencv\build\java\x64 
java_command: uavstuff.uavWindowed
java_class_path (initial): C:\Users\Majok\Documents\UAVStuff\src\uavstuff\Imshow.jar;C:\opencv\build\java\opencv-2411.jar;C:\Users\Majok\Documents\UAVStuff\build\classes
Launcher Type: SUN_STANDARD

Environment Variables:
PATH=C:\ProgramData\Oracle\Java\javapath;C:\WINDOWS\system32;C:\WINDOWS;C:\WINDOWS\System32\Wbem;C:\WINDOWS\System32\WindowsPowerShell\v1.0\;C:\cygnus\cygwin-b20\H-i586-cygwin32\bin;C:\Program Files (x86)\Notepad++;c:\opencv\build\x64\vc12\bin;C:\Python34;C:\Program Files (x86)\Brackets\command
USERNAME=Majok
OS=Windows_NT
PROCESSOR_IDENTIFIER=Intel64 Family 6 Model 69 Stepping 1, GenuineIntel



---------------  S Y S T E M  ---------------

OS: Windows 10.0 , 64 bit Build 10586 (10.0.10586.0)

CPU:total 4 (2 cores per cpu, 2 threads per core) family 6 model 69 stepping 1, cmov, cx8, fxsr, mmx, sse, sse2, sse3, ssse3, sse4.1, sse4.2, popcnt, avx, avx2, aes, clmul, erms, lzcnt, ht, tsc, tscinvbit, bmi1, bmi2

Memory: 4k page, physical 8318808k(4231576k free), swap 13396360k(7103416k free)

vm_info: Java HotSpot(TM) 64-Bit Server VM (25.51-b03) for windows-amd64 JRE (1.8.0_51-b16), built on Jun  8 2015 18:03:07 by "java_re" with MS VC++ 10.0 (VS2010)

time: Thu Nov 12 01:41:38 2015
elapsed time: 19 seconds (0d 0h 0m 19s)

